{"name":"To update the details of the booking IDs","status":"broken","statusDetails":{"known":false,"muted":false,"flaky":false,"message":"could not access constructor: private java.lang.AssertionError(java.lang.String) with arguments: [1 expectation failed.\nExpected status code <201> but was <200>.\n] reason: java.lang.IllegalAccessException: class org.codehaus.groovy.reflection.CachedConstructor cannot access a member of class java.lang.AssertionError (in module java.base) with modifiers \"private\"","trace":"groovy.lang.GroovyRuntimeException: could not access constructor: private java.lang.AssertionError(java.lang.String) with arguments: [1 expectation failed.\nExpected status code <201> but was <200>.\n] reason: java.lang.IllegalAccessException: class org.codehaus.groovy.reflection.CachedConstructor cannot access a member of class java.lang.AssertionError (in module java.base) with modifiers \"private\"\r\n\tat org.codehaus.groovy.reflection.CachedConstructor.createException(CachedConstructor.java:103)\r\n\tat org.codehaus.groovy.reflection.CachedConstructor.invoke(CachedConstructor.java:89)\r\n\tat org.codehaus.groovy.reflection.CachedConstructor.doConstructorInvoke(CachedConstructor.java:77)\r\n\tat org.codehaus.groovy.runtime.callsite.ConstructorSite$ConstructorSiteNoUnwrap.callConstructor(ConstructorSite.java:84)\r\n\tat org.codehaus.groovy.runtime.callsite.CallSiteArray.defaultCallConstructor(CallSiteArray.java:59)\r\n\tat org.codehaus.groovy.runtime.callsite.AbstractCallSite.callConstructor(AbstractCallSite.java:238)\r\n\tat org.codehaus.groovy.runtime.callsite.AbstractCallSite.callConstructor(AbstractCallSite.java:250)\r\n\tat io.restassured.internal.ResponseSpecificationImpl$HamcrestAssertionClosure.validate(ResponseSpecificationImpl.groovy:494)\r\n\tat io.restassured.internal.ResponseSpecificationImpl$HamcrestAssertionClosure$validate$1.call(Unknown Source)\r\n\tat io.restassured.internal.ResponseSpecificationImpl.validate(ResponseSpecificationImpl.groovy:91)\r\n\tat io.restassured.internal.ValidatableResponseOptionsImpl.specification(ValidatableResponseOptionsImpl.java:321)\r\n\tat io.restassured.internal.ValidatableResponseOptionsImpl.spec(ValidatableResponseOptionsImpl.java:298)\r\n\tat UpdateBooking.updateBooking(UpdateBooking.java:65)\r\n\tat java.base/jdk.internal.reflect.DirectMethodHandleAccessor.invoke(DirectMethodHandleAccessor.java:104)\r\n\tat java.base/java.lang.reflect.Method.invoke(Method.java:577)\r\n\tat org.testng.internal.MethodInvocationHelper.invokeMethod(MethodInvocationHelper.java:131)\r\n\tat org.testng.internal.TestInvoker.invokeMethod(TestInvoker.java:570)\r\n\tat org.testng.internal.TestInvoker.invokeTestMethod(TestInvoker.java:170)\r\n\tat org.testng.internal.MethodRunner.runInSequence(MethodRunner.java:46)\r\n\tat org.testng.internal.TestInvoker$MethodInvocationAgent.invoke(TestInvoker.java:790)\r\n\tat org.testng.internal.TestInvoker.invokeTestMethods(TestInvoker.java:143)\r\n\tat org.testng.internal.TestMethodWorker.invokeTestMethods(TestMethodWorker.java:146)\r\n\tat org.testng.internal.TestMethodWorker.run(TestMethodWorker.java:128)\r\n\tat org.testng.TestRunner.privateRun(TestRunner.java:763)\r\n\tat org.testng.TestRunner.run(TestRunner.java:594)\r\n\tat org.testng.SuiteRunner.runTest(SuiteRunner.java:398)\r\n\tat org.testng.SuiteRunner.runSequentially(SuiteRunner.java:392)\r\n\tat org.testng.SuiteRunner.privateRun(SuiteRunner.java:355)\r\n\tat org.testng.SuiteRunner.run(SuiteRunner.java:304)\r\n\tat org.testng.SuiteRunnerWorker.runSuite(SuiteRunnerWorker.java:53)\r\n\tat org.testng.SuiteRunnerWorker.run(SuiteRunnerWorker.java:96)\r\n\tat org.testng.TestNG.runSuitesSequentially(TestNG.java:1146)\r\n\tat org.testng.TestNG.runSuitesLocally(TestNG.java:1067)\r\n\tat org.testng.TestNG.runSuites(TestNG.java:997)\r\n\tat org.testng.TestNG.run(TestNG.java:965)\r\n\tat org.apache.maven.surefire.testng.TestNGExecutor.run(TestNGExecutor.java:283)\r\n\tat org.apache.maven.surefire.testng.TestNGXmlTestSuite.execute(TestNGXmlTestSuite.java:75)\r\n\tat org.apache.maven.surefire.testng.TestNGProvider.invoke(TestNGProvider.java:120)\r\n\tat org.apache.maven.surefire.booter.ForkedBooter.invokeProviderInSameClassLoader(ForkedBooter.java:384)\r\n\tat org.apache.maven.surefire.booter.ForkedBooter.runSuitesInProcess(ForkedBooter.java:345)\r\n\tat org.apache.maven.surefire.booter.ForkedBooter.execute(ForkedBooter.java:126)\r\n\tat org.apache.maven.surefire.booter.ForkedBooter.main(ForkedBooter.java:418)\r\n"},"stage":"finished","steps":[{"name":"Starting the test to update details","status":"passed","stage":"finished","steps":[],"attachments":[],"parameters":[{"name":"message","value":"Starting the test to update details"}],"start":1669086718118,"stop":1669086718118},{"name":"PUT update booking detail","status":"passed","stage":"finished","steps":[],"attachments":[],"parameters":[{"name":"message","value":"PUT update booking detail"}],"start":1669086718119,"stop":1669086718119},{"name":"Starting the test to create new details","status":"passed","stage":"finished","steps":[],"attachments":[],"parameters":[{"name":"message","value":"Starting the test to create new details"}],"start":1669086718126,"stop":1669086718126},{"name":"Posting a new booking detail","status":"passed","stage":"finished","steps":[],"attachments":[],"parameters":[{"name":"message","value":"Posting a new booking detail"}],"start":1669086718126,"stop":1669086718126},{"name":"Sending the POST request to create new booking","status":"passed","stage":"finished","steps":[],"attachments":[],"parameters":[{"name":"message","value":"Sending the POST request to create new booking"}],"start":1669086718128,"stop":1669086718128},{"name":"Asserting the response if the status code returned is 201","status":"passed","stage":"finished","steps":[],"attachments":[],"parameters":[{"name":"message","value":"Asserting the response if the status code returned is 201"}],"start":1669086722223,"stop":1669086722223},{"name":"{\n  \"title\": \"time\",\n  \"author\": \"psos\",\n  \"ID\": 0,\n  \"createdat\": \"2018-01-03\",\n  \"id\": 30\n}","status":"passed","stage":"finished","steps":[],"attachments":[],"parameters":[{"name":"message","value":"{\n  \"title\": \"time\",\n  \"author\": \"psos\",\n  \"ID\": 0,\n  \"createdat\": \"2018-01-03\",\n  \"id\": 30\n}"}],"start":1669086722410,"stop":1669086722410},{"name":"Retrieved booking id : 30","status":"passed","stage":"finished","steps":[],"attachments":[],"parameters":[{"name":"message","value":"Retrieved booking id : 30"}],"start":1669086724285,"stop":1669086724285},{"name":"New Booking ID created is : 30","status":"passed","stage":"finished","steps":[],"attachments":[],"parameters":[{"name":"message","value":"New Booking ID created is : 30"}],"start":1669086724285,"stop":1669086724285},{"name":"Asserting the response if the status code returned is 200","status":"passed","stage":"finished","steps":[],"attachments":[],"parameters":[{"name":"message","value":"Asserting the response if the status code returned is 200"}],"start":1669086724800,"stop":1669086724800}],"attachments":[],"parameters":[],"start":1669086718113,"stop":1669086724972,"uuid":"f0dbc637-6d87-4a48-915f-ff0408f155e4","historyId":"290d3f4bc1565156dbd3b8fec728ba80","fullName":"UpdateBooking.updateBooking","labels":[{"name":"package","value":"UpdateBooking"},{"name":"testClass","value":"UpdateBooking"},{"name":"testMethod","value":"updateBooking"},{"name":"parentSuite","value":"Suite"},{"name":"suite","value":"Test"},{"name":"subSuite","value":"UpdateBooking"},{"name":"host","value":"DESKTOP-SO5G69R"},{"name":"thread","value":"29752@DESKTOP-SO5G69R.main(1)"},{"name":"framework","value":"testng"},{"name":"language","value":"java"}],"links":[]}